<?xml version="1.0" encoding="UTF-8"?>
<!-- Generated by org.testng.reporters.JUnitReportReporter -->
<testsuite hostname="fedora" failures="0" tests="6" name="tests.HomePageTests" time="118.688" errors="0" timestamp="2025-06-09T15:36:56 IST" skipped="0">
  <testcase classname="tests.HomePageTests" name="testLogoIsDisplayed" time="8.268"/>
  <testcase classname="tests.HomePageTests" name="testPaginationNextButton" time="7.636"/>
  <testcase classname="tests.HomePageTests" name="testProductGridCount" time="7.207"/>
  <testcase classname="tests.HomePageTests" name="testCategoryFilterPhones" time="75.774"/>
  <testcase classname="tests.HomePageTests" name="testClickLogoRedirectsToHome" time="11.970"/>
  <testcase classname="tests.HomePageTests" name="testFooterIsVisible" time="7.833"/>
</testsuite> <!-- tests.HomePageTests -->
