<?xml version="1.0" encoding="UTF-8"?>
<!-- Generated by org.testng.reporters.JUnitReportReporter -->
<testsuite hostname="fedora" failures="0" tests="5" name="tests.ProductCategoryTests" time="51.388" errors="0" timestamp="2025-06-09T20:08:39 IST" skipped="0">
  <testcase classname="tests.ProductCategoryTests" name="testRapidCategorySwitching" time="15.593"/>
  <testcase classname="tests.ProductCategoryTests" name="testLaptopsCategoryFilter" time="9.144"/>
  <testcase classname="tests.ProductCategoryTests" name="testMonitorsCategoryFilter" time="8.503"/>
  <testcase classname="tests.ProductCategoryTests" name="testPhonesCategoryFilter" time="7.661"/>
  <testcase classname="tests.ProductCategoryTests" name="testCategoryFilterAfterNavigatingAway" time="10.487"/>
</testsuite> <!-- tests.ProductCategoryTests -->
