<?xml version="1.0" encoding="UTF-8"?>
<!-- Generated by org.testng.reporters.JUnitReportReporter -->
<testsuite hostname="fedora" failures="0" tests="6" name="tests.NavigationBarTests" time="55.057" errors="0" timestamp="2025-06-09T19:45:45 IST" skipped="0">
  <testcase classname="tests.NavigationBarTests" name="testLogoRedirectsToHomePage" time="7.366"/>
  <testcase classname="tests.NavigationBarTests" name="testContactModalOpens" time="13.565"/>
  <testcase classname="tests.NavigationBarTests" name="testAboutUsModalOpens" time="10.256"/>
  <testcase classname="tests.NavigationBarTests" name="testCartNavigation" time="7.984"/>
  <testcase classname="tests.NavigationBarTests" name="testLoginModalOpens" time="7.684"/>
  <testcase classname="tests.NavigationBarTests" name="testSignUpModalOpens" time="8.202"/>
</testsuite> <!-- tests.NavigationBarTests -->
